Log file open, 09/01/14 15:31:56
LogInit:Display: Running engine for game: AdvBPGameplay
LogInit: Version: 4.4.1-2270799+++depot+UE4-Releases+4.4
LogInit: API Version: 2255576
LogInit: Compiled (64-bit): Aug 25 2014 14:19:12
LogInit: Build Configuration: Development
LogInit: Branch Name: ++depot+UE4-Releases+4.4
LogInit: Command line:  
LogInit: Base directory: C:/Program Files/Unreal Engine/4.4/Engine/Binaries/Win64/
LogInit: Rocket: 1
[2014.09.01-19.31.56:630][  0]LogTaskGraph: Started task graph with 3 named threads and 4 total threads.
[2014.09.01-19.31.56:669][  0]LogOnline:Warning: No default platform service specified for OnlineSubsystem
[2014.09.01-19.31.56:686][  0]LogInit: Presizing for 0 objects not considered by GC, pre-allocating 0 bytes.
[2014.09.01-19.31.56:702][  0]LogInit: Object subsystem initialized
[2014.09.01-19.31.56:707][  0]LogInit: Selected Device Profile: [Windows]
[2014.09.01-19.31.56:707][  0]LogInit: Applying CVar settings loaded from the selected device profile: [Windows]
[2014.09.01-19.31.56:719][  0]LogInit: Computer: MY_WINDOWS_8
[2014.09.01-19.31.56:719][  0]LogInit: User: JonathanDaley
[2014.09.01-19.31.56:721][  0]LogInit: CPU Page size=4096, Cores=4
[2014.09.01-19.31.56:721][  0]LogInit: High frequency timer resolution =2.533263 MHz
[2014.09.01-19.31.56:721][  0]LogMemory: Memory total: Physical=15.9GB (16GB approx) Virtual=131072.0GB
[2014.09.01-19.31.56:722][  0]LogMemory: Platform Memory Stats for Windows
[2014.09.01-19.31.56:722][  0]LogMemory: Process Physical Memory: 60.65 MB used, 60.74 MB peak
[2014.09.01-19.31.56:722][  0]LogMemory: Process Virtual Memory: 36.09 MB used, 36.19 MB peak
[2014.09.01-19.31.56:722][  0]LogMemory: Physical Memory: 2984.12 MB used, 16290.70 MB total
[2014.09.01-19.31.56:722][  0]LogMemory: Virtual Memory: 278.60 MB used, 134217728.00 MB total
[2014.09.01-19.31.56:770][  0]LogD3D11RHI: Found D3D11 adapter 0: NVIDIA GeForce GT 650M (Feature Level 11_0)
[2014.09.01-19.31.56:770][  0]LogD3D11RHI: Adapter has 965MB of dedicated video memory, 0MB of dedicated system memory, and 3072MB of shared system memory, 2 output[s]
[2014.09.01-19.31.56:771][  0]LogD3D11RHI: Found D3D11 adapter 1: Microsoft Basic Render Driver (Feature Level 11_0)
[2014.09.01-19.31.56:772][  0]LogD3D11RHI: Adapter has 0MB of dedicated video memory, 0MB of dedicated system memory, and 256MB of shared system memory, 0 output[s]
[2014.09.01-19.31.56:772][  0]LogD3D11RHI: Chosen D3D11 Adapter Id = 0
[2014.09.01-19.31.56:775][  0]LogRHI: Texture pool is 675 MB (70% of 965 MB)
[2014.09.01-19.31.56:785][  0]LogD3D11RHI: Async texture creation enabled
[2014.09.01-19.31.56:894][  0]LogContentStreaming: Texture pool size is 0.000000MB
[2014.09.01-19.31.58:151][  0]LogTargetPlatformManager:Display: Building Assets For Windows
[2014.09.01-19.31.58:466][  0]LogTargetPlatformManager:Display: Building Assets For Windows
[2014.09.01-19.31.58:496][  0]LogDerivedDataCache:Display: Max Cache Size: 512 MB
[2014.09.01-19.31.58:533][  0]LogDerivedDataCache: Loaded boot cache 0.04s 39MB C:/Users/Jonathan Daley/AppData/Local/UnrealEngine/4.4/DerivedDataCache/Boot.ddc.
[2014.09.01-19.31.58:534][  0]LogDerivedDataCache:Display: Loaded Boot cache: C:/Users/Jonathan Daley/AppData/Local/UnrealEngine/4.4/DerivedDataCache/Boot.ddc
[2014.09.01-19.31.58:534][  0]LogDerivedDataCache: FDerivedDataBackendGraph:  Pak pak cache file E:/Digital-Tutors Tutorial files/AdvBPGameplay/DerivedDataCache/DDC.ddp not found, will not use a pak cache.
[2014.09.01-19.31.58:534][  0]LogDerivedDataCache: Unable to find inner node Pak for hierarchical cache Hierarchy.
[2014.09.01-19.31.58:548][  0]LogDerivedDataCache:Display: Pak cache opened for reading ../../../Engine/DerivedDataCache/DDC.ddp.
[2014.09.01-19.31.58:560][  0]LogDerivedDataCache: Using Local data cache path C:/Users/Jonathan Daley/AppData/Local/UnrealEngine/4.4/DerivedDataCache: Writable
[2014.09.01-19.31.58:696][  0]LogMeshUtilities: No automatic mesh reduction module available
[2014.09.01-19.31.58:696][  0]LogMeshUtilities: No automatic mesh merging module available
[2014.09.01-19.31.59:108][  0]LogInit: WinSock: version 1.1 (2.2), MaxSocks=32767, MaxUdp=65467
[2014.09.01-19.31.59:748][  0]LogStats:Warning: MetaData mismatch. Did you assign a stat to two groups? New //STATGROUP_Threads//FMonitoredProcess///Thread_2de0_0///////STATCAT_Advanced//// old //STATGROUP_Threads//FMonitoredProcess///Thread_3c54_0///////STATCAT_Advanced////
[2014.09.01-19.31.59:748][  0]UdpMessaging: Initializing bridge on interface 0.0.0.0:0 to multicast group 230.0.0.1:6666.
[2014.09.01-19.31.59:838][  0]SourceControl: Info Source control is disabled
[2014.09.01-19.31.59:838][  0]SourceControl: Info Source control is disabled
[2014.09.01-19.31.59:842][  0]SourceControl: Info Source control is disabled
[2014.09.01-19.31.59:967][  0]BlueprintLog: New page: Editor Load
[2014.09.01-19.32.00:033][  0]LogObj: 21438 objects as part of root set at end of initial load.
[2014.09.01-19.32.00:033][  0]LogUObjectAllocator: 4218656 out of 0 bytes used by permanent object pool.
[2014.09.01-19.32.00:176][  0]LogEngine: Initializing Engine...
[2014.09.01-19.32.00:263][  0]LogInit: XAudio2 using 'Headphones (Cirrus Logic CS4206B (AB 40))' : 2 channels at 48 kHz using 32 bits per sample (channel mask 0x3)
[2014.09.01-19.32.00:270][  0]LogInit: FAudioDevice initialized.
[2014.09.01-19.32.00:282][  0]LogAIModule: Creating AISystem for world NewWorld
[2014.09.01-19.32.00:301][  0]LogDerivedDataCache: Saved boot cache 0.02s 39MB C:/Users/Jonathan Daley/AppData/Local/UnrealEngine/4.4/DerivedDataCache/Boot.ddc.
[2014.09.01-19.32.00:305][  0]LogInit: Texture streaming: Enabled
[2014.09.01-19.32.00:328][  0]LogInit: Transaction tracking system initialized
[2014.09.01-19.32.00:403][  0]LogAssetRegistry: FAssetRegistry took 0.0111 seconds to start up
[2014.09.01-19.32.00:747][  0]LogTargetPlatformManager:Display: Building Assets For Windows
[2014.09.01-19.32.01:008][  0]LogTargetPlatformManager:Display: Building Assets For Windows
[2014.09.01-19.32.01:095][  0]LogConsoleResponse:Display: 
[2014.09.01-19.32.01:218][  0]LogStats:Warning: MetaData mismatch. Did you assign a stat to two groups? New //STATGROUP_Threads//FMonitoredProcess///Thread_2ff0_0///////STATCAT_Advanced//// old //STATGROUP_Threads//FMonitoredProcess///Thread_3c54_0///////STATCAT_Advanced////
[2014.09.01-19.32.01:218][  0]LogStats:Warning: MetaData mismatch. Did you assign a stat to two groups? New //STATGROUP_Threads//FMonitoredProcess///Thread_35c8_0///////STATCAT_Advanced//// old //STATGROUP_Threads//FMonitoredProcess///Thread_3c54_0///////STATCAT_Advanced////
[2014.09.01-19.32.01:218][  0]SourceControl: Info Source control is disabled
[2014.09.01-19.32.01:218][  0]Cmd: MAP LOAD FILE="E:/Digital-Tutors Tutorial files/AdvBPGameplay/Content/Maps/Example_Map.umap" TEMPLATE=0 SHOWPROGRESS=1
[2014.09.01-19.32.01:218][  0]LightingResults: New page: Lighting Build
[2014.09.01-19.32.01:224][  0]MapCheck: New page: Map Check
[2014.09.01-19.32.01:224][  0]LightingResults: New page: Lighting Build
[2014.09.01-19.32.01:236][  0]LogParticles: Destroying 0 GPU particle simulations for FXSystem 0x000000C1108B9300
[2014.09.01-19.32.01:414][  0]LogEditorServer: Finished looking for orphan Actors (0.000 secs)
[2014.09.01-19.32.01:414][  0]LogAIModule: Creating AISystem for world Example_Map
[2014.09.01-19.32.01:414][  0]Cmd: MAP CHECKDEP
[2014.09.01-19.32.01:415][  0]MapCheck: New page: Example_Map - Sep 1, 2014, 11:32:01 AM
[2014.09.01-19.32.01:467][  0]MapCheck: Info ========== Map Check: 0 Error(s), 0 Warning(s), [51.987ms] ==========
[2014.09.01-19.32.01:467][  0]LogFileHelpers: Loading map 'Example_Map' took 0.249
[2014.09.01-19.32.01:611][  0]LogCollectionManager: Loaded 0 collections in 0.000786 seconds
[2014.09.01-19.32.01:680][  0]LogCrashTracker: Crashtracker disabled due to settings.
[2014.09.01-19.32.01:738][  0]LogLoad: Full Startup: 6.72 seconds (BP compile: 0.05 seconds)
[2014.09.01-19.32.01:763][  0]LogContentBrowser:Verbose: The content browser source was changed by the sources view to '/Game/Materials'
[2014.09.01-19.32.01:898][  0]LogRenderer:Warning: Reallocating scene render targets to support 848x720.
[2014.09.01-19.32.02:225][  2]LogAssetRegistry: Asset discovery search completed in 1.8329 seconds
[2014.09.01-19.32.44:220][111]Cmd: MAP LOAD FILE="E:/Digital-Tutors Tutorial files/AdvBPGameplay/Content/Maps/Maze_01.umap" TEMPLATE=0 SHOWPROGRESS=1
[2014.09.01-19.32.44:221][111]LightingResults: New page: Lighting Build
[2014.09.01-19.32.44:276][111]LoadErrors: New page: Loading map: Maze_01.umap
[2014.09.01-19.32.44:277][111]MapCheck: New page: Map Check
[2014.09.01-19.32.44:277][111]LightingResults: New page: Lighting Build
[2014.09.01-19.32.44:315][111]LogParticles: Destroying 0 GPU particle simulations for FXSystem 0x000000C112BC9EE0
[2014.09.01-19.32.44:421][111]LogLinker:Warning: Asset 'E:/Digital-Tutors Tutorial files/AdvBPGameplay/Content/Props/SM_Lamp_Ceiling.uasset' has been saved with empty engine version. The asset will be loaded but may be incompatible.
[2014.09.01-19.32.44:430][111]LogLinker:Warning: Asset 'E:/Digital-Tutors Tutorial files/AdvBPGameplay/Content/Props/SM_MatPreviewMesh_02.uasset' has been saved with empty engine version. The asset will be loaded but may be incompatible.
[2014.09.01-19.32.44:886][111]LogEditorServer: Finished looking for orphan Actors (0.000 secs)
[2014.09.01-19.32.44:887][111]LogAIModule: Creating AISystem for world Maze_01
[2014.09.01-19.32.44:904][111]Cmd: MAP CHECKDEP
[2014.09.01-19.32.44:904][111]MapCheck: New page: Maze_01 - Sep 1, 2014, 11:32:44 AM
[2014.09.01-19.32.44:956][111]MapCheck: Info ========== Map Check: 0 Error(s), 0 Warning(s), [51.643ms] ==========
[2014.09.01-19.32.44:956][111]LogFileHelpers: Loading map 'Maze_01' took 0.737
[2014.09.01-19.32.45:023][112]Cmd: UpdateLandscapeEditorData -warnings
[2014.09.01-19.32.45:025][112]Cmd: UpdateLandscapeEditorData
[2014.09.01-19.34.29:797][355]LogContentBrowser:Verbose: The content browser source was changed by the sources view to '/Game/Blueprints'
[2014.09.01-19.34.38:862][895]LogContentBrowser:Verbose: The content browser source was changed by the sources view to '/Game'
[2014.09.01-19.34.51:262][639]LogContentBrowser:Verbose: The content browser source was changed by the sources view to '/Game/Blueprints'
[2014.09.01-19.35.01:267][238]LogContentBrowser:Verbose: The content browser source was changed by the sources view to '/Game/Blueprints'
[2014.09.01-19.35.12:037][883]LogContentBrowser:Verbose: The content browser source was changed by the sources view to '/Game'
[2014.09.01-19.35.15:075][ 63]LogContentBrowser:Verbose: The content browser source was changed by the sources view to '/Game'
[2014.09.01-19.35.25:991][718]LogContentBrowser:Verbose: The content browser source was changed by the sources view to '/Game/BP_Gameplay'
[2014.09.01-19.38.44:686][606]LogEditorViewport: Clicking on Actor (LMB): StaticMeshActor (Pillar_50x500)
[2014.09.01-19.38.45:704][666]LogEditorViewport: Clicking on Actor (CTRL LMB): StaticMeshActor (Pillar_50x503)
[2014.09.01-19.38.46:473][711]LogEditorViewport: Clicking on Actor (CTRL LMB): StaticMeshActor (Pillar_50x501)
[2014.09.01-19.38.46:941][738]LogEditorViewport: Clicking on Actor (CTRL LMB): StaticMeshActor (Pillar_50x502)
[2014.09.01-19.39.27:976][145]LogEditorViewport: Clicking on Actor (LMB): StaticMeshActor (MaterialSphere)
[2014.09.01-19.39.50:729][471]Cmd: OBJ SAVEPACKAGE PACKAGE="/Game/Maps/Maze_01" FILE="E:/Digital-Tutors Tutorial files/AdvBPGameplay/Content/Maps/Maze_01.umap" SILENT=true AUTOSAVING=false KEEPDIRTY=false
[2014.09.01-19.39.54:443][471]LogSavePackage: Save=2186.443359ms
[2014.09.01-19.39.54:447][471]LogSavePackage: Moving 'E:/Digital-Tutors Tutorial files/AdvBPGameplay/Saved/Maze_011B447455408321E18E31B08CAC56C23D.tmp' to 'E:/Digital-Tutors Tutorial files/AdvBPGameplay/Content/Maps/Maze_01.umap'
[2014.09.01-19.39.59:511][772]LogContentBrowser:Verbose: The content browser source was changed by the sources view to '/Game'
[2014.09.01-19.40.15:326][701]LogMaterial: Missing cached shader map for material PreviewMaterial_0, compiling.
[2014.09.01-19.40.15:347][701]LogActorComponent: UnregisterComponent: (/Engine/Transient.SkeletalMeshComponent_0) Not registered. Aborting.
[2014.09.01-19.40.15:408][701]LogActorComponent: UnregisterComponent: (/Engine/Transient.SkeletalMeshComponent_0) Not registered. Aborting.
[2014.09.01-19.40.15:408][701]LogActorComponent: RegisterComponentWithWorld: (/Engine/Transient.MaterialEditorMeshComponent_0) Already registered. Aborting.
[2014.09.01-19.40.15:409][701]LogMaterial: Missing cached shader map for material PreviewMaterial_0, compiling.
[2014.09.01-19.40.24:181][110]Cmd: OBJ SAVEPACKAGE PACKAGE="/Game/Maps/Maze_01" FILE="E:/Digital-Tutors Tutorial files/AdvBPGameplay/Content/Maps/Maze_01.umap" SILENT=true AUTOSAVING=false KEEPDIRTY=false
[2014.09.01-19.40.24:212][110]LogParticles: Destroying 0 GPU particle simulations for FXSystem 0x000000C12073AB60
[2014.09.01-19.40.25:969][110]LogSavePackage: Save=1750.571899ms
[2014.09.01-19.40.25:971][110]LogSavePackage: Moving 'E:/Digital-Tutors Tutorial files/AdvBPGameplay/Saved/Maze_013D41E4C745D767A98C775FB2D4BB3EE0.tmp' to 'E:/Digital-Tutors Tutorial files/AdvBPGameplay/Content/Maps/Maze_01.umap'
[2014.09.01-19.40.34:629][604]LogEditorViewport: Clicking on Actor (LMB): StaticMeshActor (Pillar_50x546)
[2014.09.01-19.40.38:937][857]Cmd: OBJ SAVEPACKAGE PACKAGE="/Game/Maps/Maze_01" FILE="E:/Digital-Tutors Tutorial files/AdvBPGameplay/Content/Maps/Maze_01.umap" SILENT=true AUTOSAVING=false KEEPDIRTY=false
[2014.09.01-19.40.40:723][857]LogSavePackage: Save=1754.443237ms
[2014.09.01-19.40.40:725][857]LogSavePackage: Moving 'E:/Digital-Tutors Tutorial files/AdvBPGameplay/Saved/Maze_012F6035604D609C6C7B5A1E9E26DDB397.tmp' to 'E:/Digital-Tutors Tutorial files/AdvBPGameplay/Content/Maps/Maze_01.umap'
[2014.09.01-19.40.43:127][973]Cmd: QUIT_EDITOR
[2014.09.01-19.40.43:238][973]LogWindowsTextInputMethodSystem:Error: Terminating failed while unadvising the language notification sink from the TSF source.
[2014.09.01-19.40.43:239][973]LogExit: Preparing to exit.
[2014.09.01-19.40.44:164][973]LogExit: Editor shut down
[2014.09.01-19.40.44:165][973]LogExit: Transaction tracking system shut down
[2014.09.01-19.40.44:167][973]LogParticles: Destroying 0 GPU particle simulations for FXSystem 0x000000C11F23DE40
[2014.09.01-19.40.44:167][973]LogParticles: Destroying 0 GPU particle simulations for FXSystem 0x000000C120A08360
[2014.09.01-19.40.44:169][973]LogParticles: Destroying 0 GPU particle simulations for FXSystem 0x000000C11F7A02C0
[2014.09.01-19.40.44:206][973]LogExit: Object subsystem successfully closed.
[2014.09.01-19.40.44:240][973]LogModuleManager: Shutting down and abandoning module MaterialEditor (162)
[2014.09.01-19.40.44:240][973]LogModuleManager: Shutting down and abandoning module AndroidDeviceDetection (161)
[2014.09.01-19.40.44:657][973]LogModuleManager: Shutting down and abandoning module HTTP (160)
[2014.09.01-19.40.44:657][973]LogModuleManager: Shutting down and abandoning module CrashTracker (159)
[2014.09.01-19.40.44:657][973]LogModuleManager: Shutting down and abandoning module SuperSearch (158)
[2014.09.01-19.40.44:657][973]LogModuleManager: Shutting down and abandoning module SceneOutliner (157)
[2014.09.01-19.40.44:657][973]LogModuleManager: Shutting down and abandoning module EditorWidgets (156)
[2014.09.01-19.40.44:657][973]LogModuleManager: Shutting down and abandoning module CollectionManager (155)
[2014.09.01-19.40.44:657][973]LogModuleManager: Shutting down and abandoning module StatsViewer (154)
[2014.09.01-19.40.44:657][973]LogModuleManager: Shutting down and abandoning module FoliageEdit (153)
[2014.09.01-19.40.44:657][973]LogModuleManager: Shutting down and abandoning module LandscapeEditor (152)
[2014.09.01-19.40.44:657][973]LogModuleManager: Shutting down and abandoning module MeshPaint (151)
[2014.09.01-19.40.44:657][973]LogModuleManager: Shutting down and abandoning module ActorPickerMode (150)
[2014.09.01-19.40.44:657][973]LogModuleManager: Shutting down and abandoning module GeometryMode (149)
[2014.09.01-19.40.44:657][973]LogModuleManager: Shutting down and abandoning module TextureAlignMode (148)
[2014.09.01-19.40.44:657][973]LogModuleManager: Shutting down and abandoning module BspMode (147)
[2014.09.01-19.40.44:657][973]LogModuleManager: Shutting down and abandoning module PlacementMode (146)
[2014.09.01-19.40.44:657][973]LogModuleManager: Shutting down and abandoning module DesktopPlatform (145)
[2014.09.01-19.40.44:657][973]LogModuleManager: Shutting down and abandoning module AutomationWorker (144)
[2014.09.01-19.40.44:657][973]LogModuleManager: Shutting down and abandoning module EditorLiveStreaming (143)
[2014.09.01-19.40.44:657][973]LogModuleManager: Shutting down and abandoning module BehaviorTreeEditor (142)
[2014.09.01-19.40.44:657][973]LogModuleManager: Shutting down and abandoning module DeviceProfileEditor (141)
[2014.09.01-19.40.44:657][973]LogModuleManager: Shutting down and abandoning module UndoHistory (140)
[2014.09.01-19.40.44:657][973]LogModuleManager: Shutting down and abandoning module GameplayTagsEditor (139)
[2014.09.01-19.40.44:657][973]LogModuleManager: Shutting down and abandoning module UserFeedback (138)
[2014.09.01-19.40.44:657][973]LogModuleManager: Shutting down and abandoning module XmlParser (137)
[2014.09.01-19.40.44:657][973]LogModuleManager: Shutting down and abandoning module Blutility (136)
[2014.09.01-19.40.44:657][973]LogModuleManager: Shutting down and abandoning module IOSPlatformEditor (135)
[2014.09.01-19.40.44:657][973]LogModuleManager: Shutting down and abandoning module IOSRuntimeSettings (134)
[2014.09.01-19.40.44:657][973]LogModuleManager: Shutting down and abandoning module AndroidPlatformEditor (133)
[2014.09.01-19.40.44:657][973]LogModuleManager: Shutting down and abandoning module AndroidRuntimeSettings (132)
[2014.09.01-19.40.44:657][973]LogModuleManager: Shutting down and abandoning module ProjectTargetPlatformEditor (131)
[2014.09.01-19.40.44:657][973]LogModuleManager: Shutting down and abandoning module ProjectSettingsViewer (130)
[2014.09.01-19.40.44:657][973]LogModuleManager: Shutting down and abandoning module InputBindingEditor (129)
[2014.09.01-19.40.44:657][973]LogModuleManager: Shutting down and abandoning module EditorSettingsViewer (128)
[2014.09.01-19.40.44:657][973]LogModuleManager: Shutting down and abandoning module SettingsEditor (127)
[2014.09.01-19.40.44:657][973]LogModuleManager: Shutting down and abandoning module SessionLauncher (126)
[2014.09.01-19.40.44:657][973]LogModuleManager: Shutting down and abandoning module SessionFrontend (125)
[2014.09.01-19.40.44:657][973]LogModuleManager: Shutting down and abandoning module ProfilerClient (124)
[2014.09.01-19.40.44:657][973]LogModuleManager: Shutting down and abandoning module TargetDeviceServices (123)
[2014.09.01-19.40.44:657][973]LogModuleManager: Shutting down and abandoning module DeviceManager (122)
[2014.09.01-19.40.44:657][973]LogModuleManager: Shutting down and abandoning module AutomationController (121)
[2014.09.01-19.40.44:657][973]LogModuleManager: Shutting down and abandoning module AutomationWindow (120)
[2014.09.01-19.40.44:657][973]LogModuleManager: Shutting down and abandoning module Layers (119)
[2014.09.01-19.40.44:658][973]LogModuleManager: Shutting down and abandoning module ComponentVisualizers (118)
[2014.09.01-19.40.44:658][973]LogModuleManager: Shutting down and abandoning module DetailCustomizations (117)
[2014.09.01-19.40.44:658][973]LogModuleManager: Shutting down and abandoning module PackagesDialog (116)
[2014.09.01-19.40.44:658][973]LogModuleManager: Shutting down and abandoning module DirectoryWatcher (115)
[2014.09.01-19.40.44:658][973]LogModuleManager: Shutting down and abandoning module AssetRegistry (114)
[2014.09.01-19.40.44:805][973]LogModuleManager: Shutting down and abandoning module Persona (113)
[2014.09.01-19.40.44:806][973]LogModuleManager: Shutting down and abandoning module GraphEditor (112)
[2014.09.01-19.40.44:806][973]LogModuleManager: Shutting down and abandoning module ClassViewer (111)
[2014.09.01-19.40.44:806][973]LogModuleManager: Shutting down and abandoning module Toolbox (110)
[2014.09.01-19.40.44:806][973]LogModuleManager: Shutting down and abandoning module ModuleUI (109)
[2014.09.01-19.40.44:806][973]LogModuleManager: Shutting down and abandoning module Sequencer (108)
[2014.09.01-19.40.44:806][973]LogModuleManager: Shutting down and abandoning module MovieSceneTools (107)
[2014.09.01-19.40.44:806][973]LogModuleManager: Shutting down and abandoning module OutputLog (106)
[2014.09.01-19.40.44:806][973]LogModuleManager: Shutting down and abandoning module GammaUI (105)
[2014.09.01-19.40.44:806][973]LogModuleManager: Shutting down and abandoning module Documentation (104)
[2014.09.01-19.40.44:806][973]LogModuleManager: Shutting down and abandoning module GameLiveStreaming (103)
[2014.09.01-19.40.44:806][973]LogModuleManager: Shutting down and abandoning module StreamingPauseRendering (102)
[2014.09.01-19.40.44:806][973]LogModuleManager: Shutting down and abandoning module AnalyticsET (101)
[2014.09.01-19.40.44:806][973]LogModuleManager: Shutting down and abandoning module Analytics (100)
[2014.09.01-19.40.44:806][973]LogModuleManager: Shutting down and abandoning module GameplayDebugger (99)
[2014.09.01-19.40.44:806][973]LogModuleManager: Shutting down and abandoning module AIModule (98)
[2014.09.01-19.40.44:806][973]LogModuleManager: Shutting down and abandoning module ProfilerService (97)
[2014.09.01-19.40.44:963][973]LogModuleManager: Shutting down and abandoning module TaskGraph (96)
[2014.09.01-19.40.44:963][973]LogModuleManager: Shutting down and abandoning module SlateRemote (95)
[2014.09.01-19.40.44:963][973]LogModuleManager: Shutting down and abandoning module ScriptEditorPlugin (94)
[2014.09.01-19.40.44:963][973]LogModuleManager: Shutting down and abandoning module CustomMeshComponent (93)
[2014.09.01-19.40.44:963][973]LogModuleManager: Shutting down and abandoning module CableComponent (92)
[2014.09.01-19.40.44:963][973]LogModuleManager: Shutting down and abandoning module MessagingDebugger (91)
[2014.09.01-19.40.44:963][973]LogModuleManager: Shutting down and abandoning module ViewportSnapping (90)
[2014.09.01-19.40.44:963][973]LogModuleManager: Shutting down and abandoning module SmartSnapping (89)
[2014.09.01-19.40.44:963][973]LogModuleManager: Shutting down and abandoning module PaperTiledImporter (88)
[2014.09.01-19.40.44:963][973]LogModuleManager: Shutting down and abandoning module PaperJsonImporter (87)
[2014.09.01-19.40.44:963][973]LogModuleManager: Shutting down and abandoning module GameProjectGeneration (86)
[2014.09.01-19.40.44:963][973]LogModuleManager: Shutting down and abandoning module Matinee (85)
[2014.09.01-19.40.44:964][973]LogModuleManager: Shutting down and abandoning module Kismet (84)
[2014.09.01-19.40.44:964][973]LogModuleManager: Shutting down and abandoning module SlateReflector (83)
[2014.09.01-19.40.44:964][973]LogModuleManager: Shutting down and abandoning module LevelEditor (82)
[2014.09.01-19.40.44:966][973]LogModuleManager: Shutting down and abandoning module IntroTutorials (81)
[2014.09.01-19.40.44:966][973]LogModuleManager: Shutting down and abandoning module ContentBrowser (80)
[2014.09.01-19.40.44:966][973]LogModuleManager: Shutting down and abandoning module PropertyEditor (79)
[2014.09.01-19.40.44:966][973]LogModuleManager: Shutting down and abandoning module AssetTools (78)
[2014.09.01-19.40.44:966][973]LogModuleManager: Shutting down and abandoning module Paper2DEditor (77)
[2014.09.01-19.40.44:966][973]LogModuleManager: Shutting down and abandoning module SpeedTreeImporter (76)
[2014.09.01-19.40.44:966][973]LogModuleManager: Shutting down and abandoning module PluginsEditor (75)
[2014.09.01-19.40.44:966][973]LogModuleManager: Shutting down and abandoning module MainFrame (74)
[2014.09.01-19.40.44:966][973]LogModuleManager: Shutting down and abandoning module EpicSurvey (73)
[2014.09.01-19.40.44:967][973]LogModuleManager: Shutting down and abandoning module VisualStudioSourceCodeAccess (72)
[2014.09.01-19.40.44:967][973]LogModuleManager: Shutting down and abandoning module UObjectPlugin (71)
[2014.09.01-19.40.44:967][973]LogModuleManager: Shutting down and abandoning module SubversionSourceControl (70)
[2014.09.01-19.40.44:967][973]LogModuleManager: Shutting down and abandoning module SourceControl (69)
[2014.09.01-19.40.44:967][973]LogModuleManager: Shutting down and abandoning module PerforceSourceControl (68)
[2014.09.01-19.40.44:967][973]LogModuleManager: Shutting down and abandoning module BlankPlugin (67)
[2014.09.01-19.40.44:967][973]LogModuleManager: Shutting down and abandoning module ScriptPlugin (66)
[2014.09.01-19.40.44:967][973]LogModuleManager: Shutting down and abandoning module UdpMessaging (65)
[2014.09.01-19.40.45:068][973]LogModuleManager: Shutting down and abandoning module Paper2D (64)
[2014.09.01-19.40.45:068][973]LogModuleManager: Shutting down and abandoning module WindowsMoviePlayer (63)
[2014.09.01-19.40.45:075][973]LogModuleManager: Shutting down and abandoning module ImageWrapper (62)
[2014.09.01-19.40.45:075][973]LogModuleManager: Shutting down and abandoning module OnlineBlueprintSupport (61)
[2014.09.01-19.40.45:075][973]LogModuleManager: Shutting down and abandoning module FunctionalTesting (60)
[2014.09.01-19.40.45:075][973]LogModuleManager: Shutting down and abandoning module CollisionAnalyzer (59)
[2014.09.01-19.40.45:075][973]LogModuleManager: Shutting down and abandoning module WorkspaceMenuStructure (58)
[2014.09.01-19.40.45:075][973]LogModuleManager: Shutting down and abandoning module MessageLog (57)
[2014.09.01-19.40.45:075][973]LogModuleManager: Shutting down and abandoning module UMGEditor (56)
[2014.09.01-19.40.45:075][973]LogModuleManager: Shutting down and abandoning module UMG (55)
[2014.09.01-19.40.45:075][973]LogModuleManager: Shutting down and abandoning module Slate (54)
[2014.09.01-19.40.45:075][973]LogModuleManager: Shutting down and abandoning module EditorStyle (53)
[2014.09.01-19.40.45:079][973]LogModuleManager: Shutting down and abandoning module SessionServices (52)
[2014.09.01-19.40.45:079][973]LogModuleManager: Shutting down and abandoning module SourceCodeAccess (51)
[2014.09.01-19.40.45:079][973]LogModuleManager: Shutting down and abandoning module HeadMountedDisplay (50)
[2014.09.01-19.40.45:079][973]LogModuleManager: Shutting down and abandoning module XAudio2 (49)
[2014.09.01-19.40.45:079][973]LogModuleManager: Shutting down and abandoning module Networking (47)
[2014.09.01-19.40.45:079][973]LogModuleManager: Shutting down and abandoning module Core (46)
[2014.09.01-19.40.45:079][973]LogModuleManager: Shutting down and abandoning module KismetCompiler (45)
[2014.09.01-19.40.45:079][973]LogModuleManager: Shutting down and abandoning module PhysXFormats (44)
[2014.09.01-19.40.45:079][973]LogModuleManager: Shutting down and abandoning module MeshUtilities (43)
[2014.09.01-19.40.45:079][973]LogModuleManager: Shutting down and abandoning module DerivedDataCache (42)
[2014.09.01-19.40.45:116][973]LogDerivedDataCache: Shutdown
[2014.09.01-19.40.45:116][973]LogModuleManager: Shutting down and abandoning module ShaderFormatOpenGL (41)
[2014.09.01-19.40.45:116][973]LogModuleManager: Shutting down and abandoning module ShaderFormatD3D (40)
[2014.09.01-19.40.45:116][973]LogModuleManager: Shutting down and abandoning module MetalShaderFormat (39)
[2014.09.01-19.40.45:116][973]LogModuleManager: Shutting down and abandoning module TextureFormatUncompressed (38)
[2014.09.01-19.40.45:116][973]LogModuleManager: Shutting down and abandoning module TextureFormatPVR (37)
[2014.09.01-19.40.45:116][973]LogModuleManager: Shutting down and abandoning module TextureFormatDXT (36)
[2014.09.01-19.40.45:116][973]LogModuleManager: Shutting down and abandoning module TextureFormatAndroid (35)
[2014.09.01-19.40.45:116][973]LogModuleManager: Shutting down and abandoning module AudioFormatOpus (34)
[2014.09.01-19.40.45:116][973]LogModuleManager: Shutting down and abandoning module AudioFormatOgg (33)
[2014.09.01-19.40.45:116][973]LogModuleManager: Shutting down and abandoning module AudioFormatADPCM (32)
[2014.09.01-19.40.45:116][973]LogModuleManager: Shutting down and abandoning module Messaging (31)
[2014.09.01-19.40.45:116][973]LogModuleManager: Shutting down and abandoning module IOSTargetPlatform (30)
[2014.09.01-19.40.45:116][973]LogModuleManager: Shutting down and abandoning module Android_PVRTCTargetPlatform (29)
[2014.09.01-19.40.45:116][973]LogModuleManager: Shutting down and abandoning module Android_ETC2TargetPlatform (28)
[2014.09.01-19.40.45:116][973]LogModuleManager: Shutting down and abandoning module Android_ETC1TargetPlatform (27)
[2014.09.01-19.40.45:117][973]LogModuleManager: Shutting down and abandoning module Android_DXTTargetPlatform (26)
[2014.09.01-19.40.45:117][973]LogModuleManager: Shutting down and abandoning module Android_ATCTargetPlatform (25)
[2014.09.01-19.40.45:117][973]LogModuleManager: Shutting down and abandoning module AndroidTargetPlatform (24)
[2014.09.01-19.40.45:117][973]LogModuleManager: Shutting down and abandoning module WindowsTargetPlatform (23)
[2014.09.01-19.40.45:117][973]LogModuleManager: Shutting down and abandoning module WindowsServerTargetPlatform (22)
[2014.09.01-19.40.45:117][973]LogModuleManager: Shutting down and abandoning module WindowsNoEditorTargetPlatform (21)
[2014.09.01-19.40.45:117][973]LogModuleManager: Shutting down and abandoning module WindowsClientTargetPlatform (20)
[2014.09.01-19.40.45:117][973]LogModuleManager: Shutting down and abandoning module TargetPlatform (19)
[2014.09.01-19.40.45:117][973]LogModuleManager: Shutting down and abandoning module InputCore (18)
[2014.09.01-19.40.45:117][973]LogModuleManager: Shutting down and abandoning module Settings (17)
[2014.09.01-19.40.45:117][973]LogModuleManager: Shutting down and abandoning module ExampleDeviceProfileSelector (14)
[2014.09.01-19.40.45:117][973]LogModuleManager: Shutting down and abandoning module OculusRift (13)
[2014.09.01-19.40.45:117][973]LogModuleManager: Shutting down and abandoning module TextureCompressor (12)
[2014.09.01-19.40.45:117][973]LogModuleManager: Shutting down and abandoning module ShaderCore (11)
[2014.09.01-19.40.45:117][973]LogModuleManager: Shutting down and abandoning module OpenGLDrv (10)
[2014.09.01-19.40.45:117][973]LogModuleManager: Shutting down and abandoning module D3D11RHI (9)
[2014.09.01-19.40.45:117][973]LogModuleManager: Shutting down and abandoning module SlateRHIRenderer (8)
[2014.09.01-19.40.45:117][973]LogModuleManager: Shutting down and abandoning module Renderer (7)
[2014.09.01-19.40.45:117][973]LogModuleManager: Shutting down and abandoning module Engine (6)
[2014.09.01-19.40.45:117][973]LogModuleManager: Shutting down and abandoning module CoreUObject (5)
[2014.09.01-19.40.45:117][973]LogModuleManager: Shutting down and abandoning module NetworkFile (4)
[2014.09.01-19.40.45:117][973]LogModuleManager: Shutting down and abandoning module StreamingFile (3)
[2014.09.01-19.40.45:117][973]LogModuleManager: Shutting down and abandoning module SandboxFile (2)
[2014.09.01-19.40.45:117][973]LogModuleManager: Shutting down and abandoning module PakFile (1)
[2014.09.01-19.40.45:118][973]LogExit: Exiting.
[2014.09.01-19.40.45:141][973]Log file closed, 09/01/14 15:40:45
